<?xml version="1.0" encoding="UTF-8"?>
<!-- Generated by org.testng.reporters.JUnitReportReporter -->
<testsuite name="com.qa.main.WebDriverInitialization" tests="1" time="15.767" ignored="0" failures="0" timestamp="18 May 2020 20:57:12 GMT" skipped="0" hostname="DESKTOP-KP1US9J" errors="0">
  <testcase name="Startup" time="15.767" classname="com.qa.main.WebDriverInitialization"/>
</testsuite> <!-- com.qa.main.WebDriverInitialization -->
