<?xml version="1.0" encoding="UTF-8"?>
<!-- Generated by org.testng.reporters.JUnitReportReporter -->
<testsuite name="frontPage.Programs" tests="1" time="11.995" ignored="0" failures="0" timestamp="20 May 2020 11:47:13 GMT" skipped="0" hostname="DESKTOP-KP1US9J" errors="0">
  <testcase name="programstest" time="11.995" classname="frontPage.Programs"/>
</testsuite> <!-- frontPage.Programs -->
