<?xml version="1.0" encoding="UTF-8"?>
<!-- Generated by org.testng.reporters.JUnitReportReporter -->
<testsuite name="functionalitiesTest.contentAbout" tests="1" time="11.162" ignored="0" failures="0" timestamp="20 May 2020 15:05:36 GMT" skipped="0" hostname="DESKTOP-KP1US9J" errors="0">
  <testcase name="functionality3" time="11.162" classname="functionalitiesTest.contentAbout"/>
</testsuite> <!-- functionalitiesTest.contentAbout -->
