<?xml version="1.0" encoding="UTF-8"?>
<!-- Generated by org.testng.reporters.JUnitReportReporter -->
<testsuite ignored="0" hostname="DESKTOP-KP1US9J" failures="0" tests="1" name="com.qa.main.StartWebDriver" time="12.960" errors="0" timestamp="10 May 2020 10:51:58 GMT" skipped="0">
  <testcase classname="com.qa.main.StartWebDriver" name="StartWebDriver" time="12.960"/>
</testsuite> <!-- com.qa.main.StartWebDriver -->
